<?xml version="1.0" encoding="UTF-8"?>
<!-- Generated by org.testng.reporters.JUnitReportReporter -->
<testsuite skipped="0" hostname="Ashish-VAIO" name="codes.pom.testngcases.TestHomePage" tests="3" failures="0" timestamp="14 Jun 2020 06:47:22 GMT" time="61.845" errors="0">
  <testcase name="testHomePageTitle" time="15.873" classname="codes.pom.testngcases.TestHomePage"/>
  <testcase name="testVerifyUserName" time="18.094" classname="codes.pom.testngcases.TestHomePage"/>
  <testcase name="testClickOnContacts" time="27.878" classname="codes.pom.testngcases.TestHomePage"/>
</testsuite> <!-- codes.pom.testngcases.TestHomePage -->
