<?xml version="1.0" encoding="UTF-8"?>
<!-- Generated by org.testng.reporters.JUnitReportReporter -->
<testsuite skipped="0" hostname="Ashish-VAIO" name="codes.pom.testngcases.TestNopComLoginPage" tests="1" failures="0" timestamp="11 Jul 2020 15:43:21 GMT" time="31.632" errors="0">
  <testcase name="testLogin" time="31.632" classname="codes.pom.testngcases.TestNopComLoginPage"/>
</testsuite> <!-- codes.pom.testngcases.TestNopComLoginPage -->
