<?xml version="1.0" encoding="UTF-8"?>
<!-- Generated by org.testng.reporters.JUnitReportReporter -->
<testsuite skipped="0" hostname="Ashish-VAIO" name="codes.pom.testngcases.TestLoginPage" tests="2" failures="0" timestamp="14 Jun 2020 06:47:22 GMT" time="36.770" errors="0">
  <testcase name="testLoginPageTitle" time="13.058" classname="codes.pom.testngcases.TestLoginPage"/>
  <testcase name="testLogin" time="23.712" classname="codes.pom.testngcases.TestLoginPage"/>
</testsuite> <!-- codes.pom.testngcases.TestLoginPage -->
