<?xml version="1.0" encoding="UTF-8"?>
<!-- Generated by org.testng.reporters.JUnitReportReporter -->
<testsuite skipped="0" hostname="Ashish-VAIO" name="codes.pom.testngcases.TestNopHomePage" tests="1" failures="0" timestamp="17 Jun 2020 03:33:47 GMT" time="19.828" errors="0">
  <testcase name="testClickOnCustomerSubMenu" time="19.828" classname="codes.pom.testngcases.TestNopHomePage"/>
</testsuite> <!-- codes.pom.testngcases.TestNopHomePage -->
